{"name": "test_successful_comp", "status": "failed", "statusDetails": {"message": "AssertionError: assert 401 == 200\n +  where 401 = <Response [401]>.status_code", "trace": "response_token = 'eyJhbGciOiJSUzI1NiJ9.eyJyb2xlIjoiU3VwZXIgQWRtaW4iLCJzdWIiOiJwNjQ3a3lvMWllQGljem5uLmNvbSIsImlhdCI6MTY5MzIxMzkzMSwiZXhw...py0rqrVMDkttrw7rHGn4JQ1Qyq4-AS8XGI4nWC65RFg1VrwzQRTpt3lNhKQpJ92MJcNjGgh2u7Iq0HMR4FMf2qTsOzWiOhT68YooqGOhvQA4U3oiGUzDMA'\n\n    def test_successful_comp(response_token):\n        headers = HeadersUtility.get_authorization_header(response_token)\n        response = requests.get(url=baseURL + costcenter, headers=headers)\n>       assert response.status_code == 200\nE       assert 401 == 200\nE        +  where 401 = <Response [401]>.status_code\n\nTests\\test_GetCompanySettings.py:29: AssertionError"}, "start": 1693218347554, "stop": 1693218347656, "uuid": "8a4c221e-c23b-4781-9ecc-964196d4ce33", "historyId": "bd31a2af8db319b36c6df2bf6b8f6581", "testCaseId": "bd31a2af8db319b36c6df2bf6b8f6581", "fullName": "Tests.test_GetCompanySettings#test_successful_comp", "labels": [{"name": "parentSuite", "value": "Tests"}, {"name": "suite", "value": "test_GetCompanySettings"}, {"name": "host", "value": "LAP165-NSP-NSGROUP"}, {"name": "thread", "value": "11136-MainThread"}, {"name": "framework", "value": "pytest"}, {"name": "language", "value": "cpython3"}, {"name": "package", "value": "Tests.test_GetCompanySettings"}]}